#
# There is insufficient memory for the Java Runtime Environment to continue.
# Native memory allocation (mmap) failed to map 134217728 bytes. Error detail: G1 virtual space
# Possible reasons:
#   The system is out of physical RAM or swap space
#   This process is running with CompressedOops enabled, and the Java Heap may be blocking the growth of the native heap
# Possible solutions:
#   Reduce memory load on the system
#   Increase physical memory or swap space
#   Check if swap backing store is full
#   Decrease Java heap size (-Xmx/-Xms)
#   Decrease number of Java threads
#   Decrease Java thread stack sizes (-Xss)
#   Set larger code cache with -XX:ReservedCodeCacheSize=
#   JVM is running with Unscaled Compressed Oops mode in which the Java heap is
#     placed in the first 4GB address space. The Java Heap base address is the
#     maximum limit for the native heap growth. Please use -XX:HeapBaseMinAddress
#     to set the Java Heap base and to place the Java Heap above 4GB virtual address.
# This output file may be truncated or incomplete.
#
#  Out of Memory Error (os_windows.cpp:3815), pid=3496, tid=1588
#
# JRE version:  (21.0.3+13) (build )
# Java VM: OpenJDK 64-Bit Server VM (21.0.3+13-b509.11, mixed mode, sharing, tiered, compressed oops, compressed class ptrs, g1 gc, windows-amd64)
# No core dump will be written. Minidumps are not enabled by default on client versions of Windows
#

---------------  S U M M A R Y ------------

Command Line: -Djava.rmi.server.hostname=127.0.0.1 -Duser.timezone=UTC -Xmx2048m -Xms128m -Djdbc.classpath=C:\Program Files\JetBrains\IntelliJ IDEA 2024.2.1\plugins\DatabaseTools\lib\jdbc-console.jar;C:\Users\MINED\AppData\Roaming\JetBrains\IntelliJIdea2024.2\jdbc-drivers\MySQL ConnectorJ\8.2.0\com\mysql\mysql-connector-j\8.2.0\mysql-connector-j-8.2.0.jar;C:\Users\MINED\AppData\Roaming\JetBrains\IntelliJIdea2024.2\jdbc-drivers\MySQL ConnectorJ\8.2.0\com\google\protobuf\protobuf-java\3.21.9\protobuf-java-3.21.9.jar --add-exports=java.desktop/sun.awt=ALL-UNNAMED --add-exports=java.desktop/java.awt.peer=ALL-UNNAMED --add-opens=java.desktop/java.awt=ALL-UNNAMED --add-opens=jdk.unsupported/sun.misc=ALL-UNNAMED --add-opens=java.base/java.nio=ALL-UNNAMED --add-opens=java.base/java.util=ALL-UNNAMED -Dfile.encoding=UTF-8 -Dsun.stdout.encoding=UTF-8 -Dsun.stderr.encoding=UTF-8 com.intellij.database.remote.RemoteJdbcServer com.mysql.cj.jdbc.Driver

Host: Intel(R) Celeron(R) N5100 @ 1.10GHz, 4 cores, 3G,  Windows 11 , 64 bit Build 22621 (10.0.22621.3958)
Time: Wed Sep 18 19:10:15 2024 Hora estándar, América Central elapsed time: 0.993761 seconds (0d 0h 0m 0s)

---------------  T H R E A D  ---------------

Current thread (0x000001c56248e910):  JavaThread "Unknown thread" [_thread_in_vm, id=1588, stack(0x000000a5e5d00000,0x000000a5e5e00000) (1024K)]

Stack: [0x000000a5e5d00000,0x000000a5e5e00000]
Native frames: (J=compiled Java code, j=interpreted, Vv=VM code, C=native code)
V  [jvm.dll+0x6e02f9]
V  [jvm.dll+0x8bd383]
V  [jvm.dll+0x8bf8de]
V  [jvm.dll+0x8bffc3]
V  [jvm.dll+0x2879c6]
V  [jvm.dll+0x6dcac5]
V  [jvm.dll+0x6d0f9a]
V  [jvm.dll+0x35f9bb]
V  [jvm.dll+0x367566]
V  [jvm.dll+0x3b8b56]
V  [jvm.dll+0x3b8e28]
V  [jvm.dll+0x33217c]
V  [jvm.dll+0x332e6b]
V  [jvm.dll+0x8845e9]
V  [jvm.dll+0x3c5f38]
V  [jvm.dll+0x86d80d]
V  [jvm.dll+0x45ab9e]
V  [jvm.dll+0x45c771]
C  [jli.dll+0x52ab]
C  [ucrtbase.dll+0x29333]
C  [KERNEL32.DLL+0x1257d]
C  [ntdll.dll+0x5af28]


---------------  P R O C E S S  ---------------

Threads class SMR info:
_java_thread_list=0x00007fffa9b0d108, length=0, elements={
}

Java Threads: ( => current thread )
Total: 0

Other Threads:
  0x000001c5646e6690 WorkerThread "GC Thread#0"                     [id=4996, stack(0x000000a5e5f00000,0x000000a5e6000000) (1024K)]
  0x000001c5646f7320 ConcurrentGCThread "G1 Main Marker"            [id=14528, stack(0x000000a5e6000000,0x000000a5e6100000) (1024K)]
  0x000001c5646f7cc0 WorkerThread "G1 Conc#0"                       [id=15720, stack(0x000000a5e6100000,0x000000a5e6200000) (1024K)]

[error occurred during error reporting (printing all threads), id 0xc0000005, EXCEPTION_ACCESS_VIOLATION (0xc0000005) at pc=0x00007fffa92052d7]
VM state: not at safepoint (not fully initialized)

VM Mutex/Monitor currently owned by a thread:  ([mutex/lock_event])
[0x00007fffa9b81858] Heap_lock - owner thread: 0x000001c56248e910

Heap address: 0x0000000080000000, size: 2048 MB, Compressed Oops mode: 32-bit

CDS archive(s) mapped at: [0x0000000000000000-0x0000000000000000-0x0000000000000000), size 0, SharedBaseAddress: 0x0000000800000000, ArchiveRelocationMode: 1.
Narrow klass base: 0x0000000000000000, Narrow klass shift: 0, Narrow klass range: 0x0

GC Precious Log:
 CardTable entry size: 512
 Card Set container configuration: InlinePtr #cards 5 size 8 Array Of Cards #cards 12 size 40 Howl #buckets 4 coarsen threshold 1843 Howl Bitmap #cards 512 size 80 coarsen threshold 460 Card regions per heap region 1 cards per card region 2048

Heap:
 garbage-first heap   total 0K, used 0K [0x0000000080000000, 0x0000000100000000)
  region size 1024K, 0 young (0K), 0 survivors (0K)
 Metaspace       used 0K, committed 0K, reserved 0K
  class space    used 0K, committed 0K, reserved 0K

Heap Regions: E=young(eden), S=young(survivor), O=old, HS=humongous(starts), HC=humongous(continues), CS=collection set, F=free, TAMS=top-at-mark-start, PB=parsable bottom

Card table byte_map: [0x000001c5779a0000,0x000001c577da0000] _byte_map_base: 0x000001c5775a0000

Marking Bits: (CMBitMap*) 0x000001c5646e6a40
 Bits: [0x000001c577da0000, 0x000001c579da0000)

GC Heap History (0 events):
No events

Dll operation events (1 events):
Event: 0.879 Loaded shared library C:\Program Files\JetBrains\IntelliJ IDEA 2024.2.1\jbr\bin\java.dll

Deoptimization events (0 events):
No events

Classes loaded (0 events):
No events

Classes unloaded (0 events):
No events

Classes redefined (0 events):
No events

Internal exceptions (0 events):
No events

ZGC Phase Switch (0 events):
No events

VM Operations (0 events):
No events

Events (0 events):
No events


Dynamic libraries:
0x00007ff755910000 - 0x00007ff75591a000 	C:\Program Files\JetBrains\IntelliJ IDEA 2024.2.1\jbr\bin\java.exe
0x00007ff8599f0000 - 0x00007ff859c07000 	C:\WINDOWS\SYSTEM32\ntdll.dll
0x00007ff8404a0000 - 0x00007ff8404ba000 	C:\Program Files\Avast Software\Avast\aswhook.dll
0x00007ff858730000 - 0x00007ff8587f4000 	C:\WINDOWS\System32\KERNEL32.DLL
0x00007ff8570f0000 - 0x00007ff85749d000 	C:\WINDOWS\System32\KERNELBASE.dll
0x00007ff857540000 - 0x00007ff857651000 	C:\WINDOWS\System32\ucrtbase.dll
0x00007ff839500000 - 0x00007ff839518000 	C:\Program Files\JetBrains\IntelliJ IDEA 2024.2.1\jbr\bin\jli.dll
0x00007ff858900000 - 0x00007ff858aae000 	C:\WINDOWS\System32\USER32.dll
0x00007ff856fa0000 - 0x00007ff856fc6000 	C:\WINDOWS\System32\win32u.dll
0x00007ff857a80000 - 0x00007ff857aa9000 	C:\WINDOWS\System32\GDI32.dll
0x00007ff856e80000 - 0x00007ff856f99000 	C:\WINDOWS\System32\gdi32full.dll
0x00007ff8574a0000 - 0x00007ff85753a000 	C:\WINDOWS\System32\msvcp_win.dll
0x00007ff845370000 - 0x00007ff84538b000 	C:\Program Files\JetBrains\IntelliJ IDEA 2024.2.1\jbr\bin\VCRUNTIME140.dll
0x00007ff840030000 - 0x00007ff8402c3000 	C:\WINDOWS\WinSxS\amd64_microsoft.windows.common-controls_6595b64144ccf1df_6.0.22621.3672_none_2713b9d173822955\COMCTL32.dll
0x00007ff8593b0000 - 0x00007ff859457000 	C:\WINDOWS\System32\msvcrt.dll
0x00007ff8586f0000 - 0x00007ff858721000 	C:\WINDOWS\System32\IMM32.DLL
0x00007ff8538f0000 - 0x00007ff8538fc000 	C:\Program Files\JetBrains\IntelliJ IDEA 2024.2.1\jbr\bin\vcruntime140_1.dll
0x00007ffff9a20000 - 0x00007ffff9aad000 	C:\Program Files\JetBrains\IntelliJ IDEA 2024.2.1\jbr\bin\msvcp140.dll
0x00007fffa8ec0000 - 0x00007fffa9c72000 	C:\Program Files\JetBrains\IntelliJ IDEA 2024.2.1\jbr\bin\server\jvm.dll
0x00007ff857900000 - 0x00007ff8579b2000 	C:\WINDOWS\System32\ADVAPI32.dll
0x00007ff857ab0000 - 0x00007ff857b59000 	C:\WINDOWS\System32\sechost.dll
0x00007ff856fd0000 - 0x00007ff856ff8000 	C:\WINDOWS\System32\bcrypt.dll
0x00007ff858550000 - 0x00007ff858664000 	C:\WINDOWS\System32\RPCRT4.dll
0x00007ff8584d0000 - 0x00007ff858541000 	C:\WINDOWS\System32\WS2_32.dll
0x00007ff856a30000 - 0x00007ff856a7d000 	C:\WINDOWS\SYSTEM32\POWRPROF.dll
0x00007ff84f350000 - 0x00007ff84f384000 	C:\WINDOWS\SYSTEM32\WINMM.dll
0x00007ff84db80000 - 0x00007ff84db8a000 	C:\WINDOWS\SYSTEM32\VERSION.dll
0x00007ff856a10000 - 0x00007ff856a23000 	C:\WINDOWS\SYSTEM32\UMPDC.dll
0x00007ff855d60000 - 0x00007ff855d78000 	C:\WINDOWS\SYSTEM32\kernel.appcore.dll
0x00007ff845360000 - 0x00007ff84536a000 	C:\Program Files\JetBrains\IntelliJ IDEA 2024.2.1\jbr\bin\jimage.dll
0x00007ff854600000 - 0x00007ff854832000 	C:\WINDOWS\SYSTEM32\DBGHELP.DLL
0x00007ff857b60000 - 0x00007ff857eee000 	C:\WINDOWS\System32\combase.dll
0x00007ff858800000 - 0x00007ff8588d7000 	C:\WINDOWS\System32\OLEAUT32.dll
0x00007ff841ef0000 - 0x00007ff841f22000 	C:\WINDOWS\SYSTEM32\dbgcore.DLL
0x00007ff857000000 - 0x00007ff85707b000 	C:\WINDOWS\System32\bcryptPrimitives.dll
0x00007ff845340000 - 0x00007ff84535f000 	C:\Program Files\JetBrains\IntelliJ IDEA 2024.2.1\jbr\bin\java.dll

dbghelp: loaded successfully - version: 4.0.5 - missing functions: none
symbol engine: initialized successfully - sym options: 0x614 - pdb path: .;C:\Program Files\JetBrains\IntelliJ IDEA 2024.2.1\jbr\bin;C:\WINDOWS\SYSTEM32;C:\Program Files\Avast Software\Avast;C:\WINDOWS\WinSxS\amd64_microsoft.windows.common-controls_6595b64144ccf1df_6.0.22621.3672_none_2713b9d173822955;C:\Program Files\JetBrains\IntelliJ IDEA 2024.2.1\jbr\bin\server

VM Arguments:
jvm_args: -Djava.rmi.server.hostname=127.0.0.1 -Duser.timezone=UTC -Xmx2048m -Xms128m -Djdbc.classpath=C:\Program Files\JetBrains\IntelliJ IDEA 2024.2.1\plugins\DatabaseTools\lib\jdbc-console.jar;C:\Users\MINED\AppData\Roaming\JetBrains\IntelliJIdea2024.2\jdbc-drivers\MySQL ConnectorJ\8.2.0\com\mysql\mysql-connector-j\8.2.0\mysql-connector-j-8.2.0.jar;C:\Users\MINED\AppData\Roaming\JetBrains\IntelliJIdea2024.2\jdbc-drivers\MySQL ConnectorJ\8.2.0\com\google\protobuf\protobuf-java\3.21.9\protobuf-java-3.21.9.jar --add-exports=java.desktop/sun.awt=ALL-UNNAMED --add-exports=java.desktop/java.awt.peer=ALL-UNNAMED --add-opens=java.desktop/java.awt=ALL-UNNAMED --add-opens=jdk.unsupported/sun.misc=ALL-UNNAMED --add-opens=java.base/java.nio=ALL-UNNAMED --add-opens=java.base/java.util=ALL-UNNAMED -Dfile.encoding=UTF-8 -Dsun.stdout.encoding=UTF-8 -Dsun.stderr.encoding=UTF-8 
java_command: com.intellij.database.remote.RemoteJdbcServer com.mysql.cj.jdbc.Driver
java_class_path (initial): C:\Program Files\JetBrains\IntelliJ IDEA 2024.2.1\lib\util_rt.jar;C:\Program Files\JetBrains\IntelliJ IDEA 2024.2.1\lib\util-8.jar;C:\Program Files\JetBrains\IntelliJ IDEA 2024.2.1\lib\groovy.jar;C:\Program Files\JetBrains\IntelliJ IDEA 2024.2.1\plugins\DatabaseTools\lib\jdbc-console.jar;C:\Program Files\JetBrains\IntelliJ IDEA 2024.2.1\plugins\grid-core-impl\lib\jdbc-console-types.jar;C:\Program Files\JetBrains\IntelliJ IDEA 2024.2.1\lib\util.jar;C:\Program Files\JetBrains\IntelliJ IDEA 2024.2.1\lib\bouncy-castle.jar
Launcher Type: SUN_STANDARD

[Global flags]
     intx CICompilerCount                          = 3                                         {product} {ergonomic}
     uint ConcGCThreads                            = 1                                         {product} {ergonomic}
     uint G1ConcRefinementThreads                  = 4                                         {product} {ergonomic}
   size_t G1HeapRegionSize                         = 1048576                                   {product} {ergonomic}
    uintx GCDrainStackTargetSize                   = 64                                        {product} {ergonomic}
   size_t InitialHeapSize                          = 134217728                                 {product} {command line}
   size_t MarkStackSize                            = 4194304                                   {product} {ergonomic}
   size_t MaxHeapSize                              = 2147483648                                {product} {command line}
   size_t MinHeapDeltaBytes                        = 1048576                                   {product} {ergonomic}
   size_t MinHeapSize                              = 134217728                                 {product} {command line}
    uintx NonNMethodCodeHeapSize                   = 5832780                                {pd product} {ergonomic}
    uintx NonProfiledCodeHeapSize                  = 122912730                              {pd product} {ergonomic}
    uintx ProfiledCodeHeapSize                     = 122912730                              {pd product} {ergonomic}
    uintx ReservedCodeCacheSize                    = 251658240                              {pd product} {ergonomic}
     bool SegmentedCodeCache                       = true                                      {product} {ergonomic}
   size_t SoftMaxHeapSize                          = 2147483648                             {manageable} {ergonomic}
     bool UseCompressedOops                        = true                           {product lp64_product} {ergonomic}
     bool UseG1GC                                  = true                                      {product} {ergonomic}
     bool UseLargePagesIndividualAllocation        = false                                  {pd product} {ergonomic}

Logging:
Log output configuration:
 #0: stdout all=warning uptime,level,tags foldmultilines=false
 #1: stderr all=off uptime,level,tags foldmultilines=false

Environment Variables:
PATH=C:\Program Files\Microsoft MPI\Bin\;C:\WINDOWS\system32;C:\WINDOWS;C:\WINDOWS\System32\Wbem;C:\WINDOWS\System32\WindowsPowerShell\v1.0\;C:\WINDOWS\System32\OpenSSH\;C:\Program Files\Microsoft SQL Server\150\Tools\Binn\;C:\Program Files\Microsoft SQL Server\Client SDK\ODBC\170\Tools\Binn\;C:\Program Files\dotnet\;C:\Program Files (x86)\Microsoft SQL Server\160\Tools\Binn\;C:\Program Files\Microsoft SQL Server\160\Tools\Binn\;C:\Program Files\Microsoft SQL Server\160\DTS\Binn\;C:\Program Files (x86)\Microsoft SQL Server\160\DTS\Binn\;C:\Program Files\Microsoft SQL Server\Client SDK\ODBC\130\Tools\Binn\;C:\Program Files (x86)\Microsoft SQL Server\130\Tools\Binn\;C:\Program Files\Microsoft SQL Server\130\Tools\Binn\;C:\Program Files\Microsoft SQL Server\130\DTS\Binn\;C:\Users\MINED\AppData\Local\Microsoft\WindowsApps;C:\Users\MINED\AppData\Local\Programs\Microsoft VS Code\bin;C:\Users\MINED\.dotnet\tools
USERNAME=MINED
OS=Windows_NT
PROCESSOR_IDENTIFIER=Intel64 Family 6 Model 156 Stepping 0, GenuineIntel
TMP=C:\Users\MINED\AppData\Local\Temp
TEMP=C:\Users\MINED\AppData\Local\Temp




Periodic native trim disabled

JNI global refs:
JNI global refs: 0, weak refs: 0

JNI global refs memory usage: 0, weak refs: 0

Process memory usage:
Resident Set Size: 11312K (0% of 4005472K total physical memory with 288236K free physical memory)

OOME stack traces (most recent first):
Classloader memory used:

---------------  S Y S T E M  ---------------

OS:
 Windows 11 , 64 bit Build 22621 (10.0.22621.3958)
OS uptime: 0 days 6:05 hours

CPU: total 4 (initial active 4) (4 cores per cpu, 1 threads per core) family 6 model 156 stepping 0 microcode 0x24000026, cx8, cmov, fxsr, mmx, 3dnowpref, sse, sse2, sse3, ssse3, sse4.1, sse4.2, popcnt, tsc, tscinvbit, aes, erms, clmul, sha, clflush, clflushopt, clwb, rdtscp, rdpid
Processor Information for all 4 processors :
  Max Mhz: 1114, Current Mhz: 1114, Mhz Limit: 1114

Memory: 4k page, system-wide physical 3911M (281M free)
TotalPageFile size 11479M (AvailPageFile size 67M)
current process WorkingSet (physical memory assigned to process): 11M, peak: 11M
current process commit charge ("private bytes"): 52M, peak: 180M

vm_info: OpenJDK 64-Bit Server VM (21.0.3+13-b509.11) for windows-amd64 JRE (21.0.3+13-b509.11), built on 2024-08-12 by "builduser" with MS VC++ 16.10 / 16.11 (VS2019)

END.
